Device lstInverters_36(J23100, B0031m, C0040, B0015, R0040, B0034m1, C0012, B0015, R0040, B0034m1, E0040, B0015, K091112, B0032m, E1010m, B0015);
Device lstInverters_35(J23100, B0031m, C0040, B0015, R0040, B0034m1, C0012, B0015, R0040, B0034m1, E0040, B0015, K091112, B0031m, E1010m, B0015);
Device lstInverters_34(J23100, B0034m1, C0040, B0015, R0040, B0034m1, C0012, B0015, R0040, B0034m1, E0040, B0015, K091112, B0030m, E1010m, B0015);
Device lstInverters_33(J23100, B0033m, C0040, B0015, R0040, B0034m1, C0012, B0015, R0040, B0034m1, E0040, B0015, K091112, B0030m, E1010m, B0015);
Device lstInverters_32(J23100, B0032m, C0040, B0015, R0040, B0034m1, C0012, B0015, R0040, B0034m1, E0040, B0015, K091112, B0030m, E1010m, B0015);
Device lstInverters_31(J23100, B0031m, C0040, B0015, R0040, B0034m1, C0012, B0015, R0040, B0034m1, E0040, B0015, K091112, B0030m, E1010m, B0015);
Device lstInverters_30(J23100, B0034m1, C0040, B0015, R0040, B0030m, C0012, B0015, R0040, B0030m, E0040, B0015, K091112, B0034m1, E1010m, B0015);
Device lstInverters_28(J23100, B0033m, C0040, B0015, R0040, B0030m, C0012, B0015, R0040, B0030m, E0040, B0015, K091112, B0034m1, E1010m, B0015);
Device lstInverters_1(J23100, B0030m, C0040, B0015, R0040, B0030m, C0012, B0015, R0040, B0030m, E0040, B0015, K091112, B0030m, E1010m, B0015);
Device lstInverters_29(J23100, B0034m1, C0040, B0015, R0040, B0030m, C0012, B0015, R0040, B0030m, E0040, B0015, K091112, B0033m, E1010m, B0015);
Device lstInverters_2(J23100, B0030m, C0040, B0015, R0040, B0030m, C0012, B0015, R0040, B0030m, E0040, B0015, K091112, B0031m, E1010m, B0015);
Device lstInverters_26(J23100, B0034m1, C0040, B0015, R0040, B0030m, C0012, B0015, R0040, B0030m, E0040, B0015, K091112, B0032m, E1010m, B0015);
Device lstInverters_3(J23100, B0030m, C0040, B0015, R0040, B0030m, C0012, B0015, R0040, B0030m, E0040, B0015, K091112, B0032m, E1010m, B0015);
Device lstInverters_27(J23100, B0033m, C0040, B0015, R0040, B0030m, C0012, B0015, R0040, B0030m, E0040, B0015, K091112, B0033m, E1010m, B0015);
Device lstInverters_4(J23100, B0030m, C0040, B0015, R0040, B0030m, C0012, B0015, R0040, B0030m, E0040, B0015, K091112, B0033m, E1010m, B0015);
Device lstInverters_5(J23100, B0030m, C0040, B0015, R0040, B0030m, C0012, B0015, R0040, B0030m, E0040, B0015, K091112, B0034m1, E1010m, B0015);
Device lstInverters_6(J23100, B0030m, C0040, B0015, R0040, B0034m1, C0012, B0015, R0040, B0034m1, E0040, B0015, K091112, B0030m, E1010m, B0015);
Device lstInverters_7(J23100, B0030m, C0040, B0015, R0040, B0034m1, C0012, B0015, R0040, B0034m1, E0040, B0015, K091112, B0031m, E1010m, B0015);
Device lstInverters_8(J23100, B0030m, C0040, B0015, R0040, B0034m1, C0012, B0015, R0040, B0034m1, E0040, B0015, K091112, B0032m, E1010m, B0015);
Device lstInverters_9(J23100, B0030m, C0040, B0015, R0040, B0034m1, C0012, B0015, R0040, B0034m1, E0040, B0015, K091112, B0033m, E1010m, B0015);
Device lstInverters_45(J23100, B0033m, C0040, B0015, R0040, B0034m1, C0012, B0015, R0040, B0034m1, E0040, B0015, K091112, B0032m, E1010m, B0015);
Device lstInverters_44(J23100, B0032m, C0040, B0015, R0040, B0034m1, C0012, B0015, R0040, B0034m1, E0040, B0015, K091112, B0034m1, E1010m, B0015);
Device lstInverters_47(J23100, B0033m, C0040, B0015, R0040, B0034m1, C0012, B0015, R0040, B0034m1, E0040, B0015, K091112, B0033m, E1010m, B0015);
Device lstInverters_46(J23100, B0034m1, C0040, B0015, R0040, B0034m1, C0012, B0015, R0040, B0034m1, E0040, B0015, K091112, B0032m, E1010m, B0015);
Device lstInverters_41(J23100, B0034m1, C0040, B0015, R0040, B0034m1, C0012, B0015, R0040, B0034m1, E0040, B0015, K091112, B0031m, E1010m, B0015);
Device lstInverters_40(J23100, B0033m, C0040, B0015, R0040, B0034m1, C0012, B0015, R0040, B0034m1, E0040, B0015, K091112, B0031m, E1010m, B0015);
Device lstInverters_43(J23100, B0032m, C0040, B0015, R0040, B0034m1, C0012, B0015, R0040, B0034m1, E0040, B0015, K091112, B0033m, E1010m, B0015);
Device lstInverters_42(J23100, B0032m, C0040, B0015, R0040, B0034m1, C0012, B0015, R0040, B0034m1, E0040, B0015, K091112, B0032m, E1010m, B0015);
Device lstInverters_37(J23100, B0031m, C0040, B0015, R0040, B0034m1, C0012, B0015, R0040, B0034m1, E0040, B0015, K091112, B0033m, E1010m, B0015);
Device lstInverters_38(J23100, B0031m, C0040, B0015, R0040, B0034m1, C0012, B0015, R0040, B0034m1, E0040, B0015, K091112, B0034m1, E1010m, B0015);
Device lstInverters_39(J23100, B0032m, C0040, B0015, R0040, B0034m1, C0012, B0015, R0040, B0034m1, E0040, B0015, K091112, B0031m, E1010m, B0015);
Device lstInverters_10(J23100, B0030m, C0040, B0015, R0040, B0034m1, C0012, B0015, R0040, B0034m1, E0040, B0015, K091112, B0034m1, E1010m, B0015);
Device lstInverters_50(J23100, B0034m1, C0040, B0015, R0040, B0034m1, C0012, B0015, R0040, B0034m1, E0040, B0015, K091112, B0034m1, E1010m, B0015);
Device lstInverters_13(J23100, B0033m, C0040, B0015, R0040, B0030m, C0012, B0015, R0040, B0030m, E0040, B0015, K091112, B0030m, E1010m, B0015);
Device lstInverters_14(J23100, B0034m1, C0040, B0015, R0040, B0030m, C0012, B0015, R0040, B0030m, E0040, B0015, K091112, B0030m, E1010m, B0015);
Device lstInverters_11(J23100, B0031m, C0040, B0015, R0040, B0030m, C0012, B0015, R0040, B0030m, E0040, B0015, K091112, B0030m, E1010m, B0015);
Device lstInverters_12(J23100, B0032m, C0040, B0015, R0040, B0030m, C0012, B0015, R0040, B0030m, E0040, B0015, K091112, B0030m, E1010m, B0015);
Device lstInverters_48(J23100, B0033m, C0040, B0015, R0040, B0034m1, C0012, B0015, R0040, B0034m1, E0040, B0015, K091112, B0034m1, E1010m, B0015);
Device lstInverters_49(J23100, B0034m1, C0040, B0015, R0040, B0034m1, C0012, B0015, R0040, B0034m1, E0040, B0015, K091112, B0033m, E1010m, B0015);
Device lstInverters_20(J23100, B0033m, C0040, B0015, R0040, B0030m, C0012, B0015, R0040, B0030m, E0040, B0015, K091112, B0031m, E1010m, B0015);
Device lstInverters_21(J23100, B0034m1, C0040, B0015, R0040, B0030m, C0012, B0015, R0040, B0030m, E0040, B0015, K091112, B0031m, E1010m, B0015);
Device lstInverters_22(J23100, B0032m, C0040, B0015, R0040, B0030m, C0012, B0015, R0040, B0030m, E0040, B0015, K091112, B0032m, E1010m, B0015);
Device lstInverters_23(J23100, B0032m, C0040, B0015, R0040, B0030m, C0012, B0015, R0040, B0030m, E0040, B0015, K091112, B0033m, E1010m, B0015);
Device lstInverters_24(J23100, B0032m, C0040, B0015, R0040, B0030m, C0012, B0015, R0040, B0030m, E0040, B0015, K091112, B0034m1, E1010m, B0015);
Device lstInverters_25(J23100, B0033m, C0040, B0015, R0040, B0030m, C0012, B0015, R0040, B0030m, E0040, B0015, K091112, B0032m, E1010m, B0015);
Device lstInverters_16(J23100, B0031m, C0040, B0015, R0040, B0030m, C0012, B0015, R0040, B0030m, E0040, B0015, K091112, B0032m, E1010m, B0015);
Device lstInverters_15(J23100, B0031m, C0040, B0015, R0040, B0030m, C0012, B0015, R0040, B0030m, E0040, B0015, K091112, B0031m, E1010m, B0015);
Device lstInverters_18(J23100, B0031m, C0040, B0015, R0040, B0030m, C0012, B0015, R0040, B0030m, E0040, B0015, K091112, B0034m1, E1010m, B0015);
Device lstInverters_17(J23100, B0031m, C0040, B0015, R0040, B0030m, C0012, B0015, R0040, B0030m, E0040, B0015, K091112, B0033m, E1010m, B0015);
Device lstInverters_19(J23100, B0032m, C0040, B0015, R0040, B0030m, C0012, B0015, R0040, B0030m, E0040, B0015, K091112, B0031m, E1010m, B0015);
